[Mon Apr  6 12:56:35 2026] SECURITY ALERT: Process 42 (systemd-journal) exceeded memory limit: 15488 kB
[Mon Apr  6 12:56:35 2026] SECURITY ALERT: Process 256 (unattended-upgr) exceeded memory limit: 22400 kB
[Mon Apr  6 12:56:35 2026] SECURITY ALERT: Process 341 (mysqld) exceeded memory limit: 397112 kB
[Mon Apr  6 13:11:27 2026] SECURITY ALERT: Process 42 (systemd-journal) exceeded memory limit: 15488 kB
[Mon Apr  6 13:11:27 2026] SECURITY ALERT: Process 256 (unattended-upgr) exceeded memory limit: 22400 kB
[Mon Apr  6 13:11:27 2026] SECURITY ALERT: Process 341 (mysqld) exceeded memory limit: 397112 kB
[Mon Apr  6 13:39:43 2026] SECURITY ALERT: Process 42 (systemd-journal) exceeded memory limit: 15616 kB
[Mon Apr  6 13:39:43 2026] SECURITY ALERT: Process 256 (unattended-upgr) exceeded memory limit: 22400 kB
[Mon Apr  6 13:39:43 2026] SECURITY ALERT: Process 341 (mysqld) exceeded memory limit: 397112 kB
[Mon Apr 13 17:49:12 2026] SECURITY ALERT: Process 1 (systemd) FD Spam detected: 94 open files
[Tue Apr 14 13:25:51 2026] SECURITY ALERT: Process 1 (systemd) FD Spam detected: 94 open files
[Tue Apr 14 13:28:58 2026] SECURITY ALERT: Process 1 (systemd) FD Spam detected: 94 open files
[Tue Apr 14 13:30:18 2026] SECURITY ALERT: Process 1 (systemd) FD Spam detected: 94 open files
[Tue Apr 14 13:30:18 2026] SECURITY ALERT: Process 622 (sim_mem) exceeded memory limit: 615680 kB
[Tue Apr 14 13:30:18 2026] SECURITY ALERT: ACTION TAKEN: Paused rogue process sim_mem (PID: 622)
[Tue Apr 14 13:30:41 2026] SECURITY ALERT: Process 1 (systemd) FD Spam detected: 94 open files
[Tue Apr 14 13:30:41 2026] SECURITY ALERT: Process 622 (sim_mem) exceeded memory limit: 615680 kB
[Tue Apr 14 13:30:41 2026] SECURITY ALERT: ACTION TAKEN: Paused rogue process sim_mem (PID: 622)
[Tue Apr 14 13:30:41 2026] SECURITY ALERT: Process 628 (sim_fd) FD Spam detected: 63 open files
[Tue Apr 14 13:30:41 2026] SECURITY ALERT: ACTION TAKEN: Paused rogue process sim_fd (PID: 628)
[Tue Apr 14 14:09:38 2026] SECURITY ALERT: Process 1 (systemd) FD Spam detected: 94 open files
[Tue Apr 14 14:09:38 2026] SECURITY ALERT: Process 622 (sim_mem) exceeded memory limit: 615680 kB
[Tue Apr 14 14:09:39 2026] SECURITY ALERT: ACTION TAKEN: Paused rogue process sim_mem (PID: 622)
[Tue Apr 14 14:09:39 2026] SECURITY ALERT: Process 628 (sim_fd) FD Spam detected: 63 open files
[Tue Apr 14 14:09:39 2026] SECURITY ALERT: ACTION TAKEN: Paused rogue process sim_fd (PID: 628)
